0 verbose cli /usr/bin/node /usr/bin/npm
1 info using npm@10.8.1
2 info using node@v22.3.0
3 silly config load:file:/usr/lib/node_modules/npm/npmrc
4 silly config load:file:/home/pergon/.local/share/nvim/mason/staging/bash-language-server/.npmrc
5 silly config load:file:/home/pergon/.npmrc
6 silly config load:file:/etc/npmrc
7 verbose title npm init
8 verbose argv "init" "--yes" "--scope" "mason"
9 verbose logfile logs-max:10 dir:/home/pergon/.npm/_logs/2024-06-19T03_34_53_549Z-
10 verbose logfile /home/pergon/.npm/_logs/2024-06-19T03_34_53_549Z-debug-0.log
0 verbose cli /usr/bin/node /usr/bin/npm
1 info using npm@10.8.1
2 info using node@v22.3.0
3 silly config load:file:/usr/lib/node_modules/npm/npmrc
4 silly config load:file:/home/pergon/.local/share/nvim/mason/staging/pyright/.npmrc
5 silly config load:file:/home/pergon/.npmrc
6 silly config load:file:/etc/npmrc
7 verbose title npm init
8 verbose argv "init" "--yes" "--scope" "mason"
9 verbose logfile logs-max:10 dir:/home/pergon/.npm/_logs/2024-06-19T03_34_53_549Z-
10 verbose logfile /home/pergon/.npm/_logs/2024-06-19T03_34_53_549Z-debug-0.log
11 silly logfile done cleaning log files
11 silly logfile done cleaning log files
12 silly package data {
12 silly package data   name: '@mason/bash-language-server',
12 silly package data   version: '1.0.0',
12 silly package data   main: 'index.js',
12 silly package data   scripts: { test: 'echo "Error: no test specified" && exit 1' },
12 silly package data   keywords: [],
12 silly package data   author: '',
12 silly package data   license: 'ISC',
12 silly package data   description: ''
12 silly package data }
12 silly package data {
12 silly package data   name: '@mason/pyright',
12 silly package data   version: '1.0.0',
12 silly package data   main: 'index.js',
12 silly package data   scripts: { test: 'echo "Error: no test specified" && exit 1' },
12 silly package data   keywords: [],
12 silly package data   author: '',
12 silly package data   license: 'ISC',
12 silly package data   description: ''
12 silly package data }
13 verbose cwd /home/pergon/.local/share/nvim/mason/staging/bash-language-server
14 verbose os Linux 6.9.5-1-cachyos-eevdf
15 verbose node v22.3.0
16 verbose npm  v10.8.1
17 verbose exit 0
18 info ok
13 verbose cwd /home/pergon/.local/share/nvim/mason/staging/pyright
14 verbose os Linux 6.9.5-1-cachyos-eevdf
15 verbose node v22.3.0
16 verbose npm  v10.8.1
17 verbose exit 0
18 info ok
