0 verbose cli /usr/bin/node /usr/bin/npm
1 info using npm@10.8.1
2 info using node@v22.3.0
3 silly config load:file:/usr/lib/node_modules/npm/npmrc
4 silly config load:file:/home/pergon/.local/share/nvim/mason/staging/pyright/.npmrc
5 silly config load:file:/home/pergon/.npmrc
6 silly config load:file:/etc/npmrc
7 verbose title npm install pyright@1.1.368
8 verbose argv "install" "pyright@1.1.368"
9 verbose logfile logs-max:10 dir:/home/pergon/.npm/_logs/2024-06-19T03_34_54_046Z-
10 verbose logfile /home/pergon/.npm/_logs/2024-06-19T03_34_54_046Z-debug-0.log
11 silly packumentCache heap:2197815296 maxSize:549453824 maxEntrySize:274726912
12 silly logfile done cleaning log files
13 silly idealTree buildDeps
14 silly fetch manifest pyright@1.1.368
15 silly packumentCache full:https://registry.npmjs.org/pyright cache-miss
16 http fetch GET 200 https://registry.npmjs.org/pyright 304ms (cache miss)
17 silly packumentCache full:https://registry.npmjs.org/pyright set size:undefined disposed:false
18 silly placeDep ROOT pyright@1.1.368 OK for: @mason/pyright@1.0.0 want: 1.1.368
19 silly fetch manifest fsevents@~2.3.3
20 silly packumentCache full:https://registry.npmjs.org/fsevents cache-miss
21 http fetch GET 200 https://registry.npmjs.org/fsevents 55ms (cache miss)
22 silly packumentCache full:https://registry.npmjs.org/fsevents set size:undefined disposed:false
23 silly placeDep node_modules/pyright fsevents@2.3.3 OK for: pyright@1.1.368 want: ~2.3.3
24 silly reify moves {}
25 silly audit bulk request { pyright: [ '1.1.368' ], fsevents: [ '2.3.3' ] }
26 verbose reify failed optional dependency /home/pergon/.local/share/nvim/mason/staging/pyright/node_modules/pyright/node_modules/fsevents
27 silly reify mark deleted [
27 silly reify   '/home/pergon/.local/share/nvim/mason/staging/pyright/node_modules/pyright/node_modules/fsevents'
27 silly reify ]
28 silly tarball no local data for pyright@https://registry.npmjs.org/pyright/-/pyright-1.1.368.tgz. Extracting by manifest.
29 http fetch POST 200 https://registry.npmjs.org/-/npm/v1/security/advisories/bulk 395ms
30 silly audit report {}
31 http fetch GET 200 https://registry.npmjs.org/pyright/-/pyright-1.1.368.tgz 1778ms (cache miss)
32 silly ADD node_modules/pyright
33 silly ADD
34 verbose cwd /home/pergon/.local/share/nvim/mason/staging/pyright
35 verbose os Linux 6.9.5-1-cachyos-eevdf
36 verbose node v22.3.0
37 verbose npm  v10.8.1
38 verbose exit 0
39 info ok
